2026-01-13 01:03:04,450:WARNING:
'cuml' is a soft dependency and not included in the pycaret installation. Please run: `pip install cuml` to install.
2026-01-13 01:03:04,450:WARNING:
'cuml' is a soft dependency and not included in the pycaret installation. Please run: `pip install cuml` to install.
2026-01-13 01:03:04,451:WARNING:
'cuml' is a soft dependency and not included in the pycaret installation. Please run: `pip install cuml` to install.
2026-01-13 01:03:04,451:WARNING:
'cuml' is a soft dependency and not included in the pycaret installation. Please run: `pip install cuml` to install.
2026-01-13 01:03:05,568:WARNING:/home/azure/phishing_detector/venv/lib/python3.11/site-packages/sklearn/base.py:376: InconsistentVersionWarning: Trying to unpickle estimator SimpleImputer from version 1.2.2 when using version 1.4.2. This might lead to breaking code or invalid results. Use at your own risk. For more info please refer to:
https://scikit-learn.org/stable/model_persistence.html#security-maintainability-limitations
  warnings.warn(

2026-01-13 01:03:05,568:WARNING:/home/azure/phishing_detector/venv/lib/python3.11/site-packages/sklearn/base.py:376: InconsistentVersionWarning: Trying to unpickle estimator PowerTransformer from version 1.2.2 when using version 1.4.2. This might lead to breaking code or invalid results. Use at your own risk. For more info please refer to:
https://scikit-learn.org/stable/model_persistence.html#security-maintainability-limitations
  warnings.warn(

2026-01-13 01:03:05,568:WARNING:/home/azure/phishing_detector/venv/lib/python3.11/site-packages/sklearn/base.py:376: InconsistentVersionWarning: Trying to unpickle estimator StandardScaler from version 1.2.2 when using version 1.4.2. This might lead to breaking code or invalid results. Use at your own risk. For more info please refer to:
https://scikit-learn.org/stable/model_persistence.html#security-maintainability-limitations
  warnings.warn(

2026-01-13 01:03:05,657:WARNING:/home/azure/phishing_detector/venv/lib/python3.11/site-packages/sklearn/base.py:376: InconsistentVersionWarning: Trying to unpickle estimator LabelEncoder from version 1.2.2 when using version 1.4.2. This might lead to breaking code or invalid results. Use at your own risk. For more info please refer to:
https://scikit-learn.org/stable/model_persistence.html#security-maintainability-limitations
  warnings.warn(

2026-01-13 01:03:05,662:WARNING:/home/azure/phishing_detector/venv/lib/python3.11/site-packages/pycaret/internal/pipeline.py:148: UserWarning: Version mismatch:
current: {'deps_info': {'pip': '23.0.1', 'setuptools': '66.1.1', 'pycaret': '3.3.2', 'IPython': '9.9.0', 'ipywidgets': '8.1.8', 'tqdm': '4.67.1', 'numpy': '1.26.4', 'pandas': '2.1.4', 'jinja2': '3.1.6', 'scipy': '1.11.4', 'joblib': '1.3.2', 'sklearn': '1.4.2', 'pyod': '2.0.6', 'imblearn': '0.14.1', 'category_encoders': '2.7.0', 'lightgbm': '4.6.0', 'numba': '0.63.1', 'requests': '2.32.5', 'matplotlib': '3.7.5', 'scikitplot': '0.3.7', 'yellowbrick': '1.5', 'plotly': '6.5.0', 'plotly-resampler': 'Not installed', 'kaleido': '1.2.0', 'schemdraw': '0.15', 'statsmodels': '0.14.6', 'sktime': '0.26.0', 'tbats': '1.1.3', 'pmdarima': '2.0.4', 'psutil': '7.2.1', 'markupsafe': '3.0.3', 'pickle5': 'Not installed', 'cloudpickle': '3.1.2', 'deprecation': '2.1.0', 'xxhash': '3.6.0', 'wurlitzer': '3.1.1'}, 'python': {'version': '3.11.2', 'machine': 'x86_64'}}
pickle: {'deps_info': {'pip': '23.1.2', 'setuptools': '67.7.2', 'pycaret': '3.0.4', 'IPython': '7.34.0', 'ipywidgets': '7.7.1', 'tqdm': '4.66.1', 'numpy': '1.23.5', 'pandas': '1.5.3', 'jinja2': '3.1.2', 'scipy': '1.10.1', 'joblib': '1.3.2', 'sklearn': '1.2.2', 'pyod': '1.1.0', 'imblearn': '0.10.1', 'category_encoders': '2.6.2', 'lightgbm': '4.0.0', 'numba': '0.56.4', 'requests': '2.31.0', 'matplotlib': '3.7.1', 'scikitplot': '0.3.7', 'yellowbrick': '1.5', 'plotly': '5.15.0', 'plotly-resampler': 'Not installed', 'kaleido': '0.2.1', 'schemdraw': '0.15', 'statsmodels': '0.14.0', 'sktime': '0.22.0', 'tbats': '1.1.3', 'pmdarima': '2.0.3', 'psutil': '5.9.5', 'markupsafe': '2.1.3', 'pickle5': 'Not installed', 'cloudpickle': '2.2.1', 'deprecation': '2.1.0', 'xxhash': '3.3.0', 'wurlitzer': '3.0.3'}, 'python': {'version': '3.10.12', 'machine': 'x86_64'}}
  warnings.warn(

2026-01-13 01:03:07,584:WARNING:
'cuml' is a soft dependency and not included in the pycaret installation. Please run: `pip install cuml` to install.
2026-01-13 01:03:07,584:WARNING:
'cuml' is a soft dependency and not included in the pycaret installation. Please run: `pip install cuml` to install.
2026-01-13 01:03:07,584:WARNING:
'cuml' is a soft dependency and not included in the pycaret installation. Please run: `pip install cuml` to install.
2026-01-13 01:03:07,584:WARNING:
'cuml' is a soft dependency and not included in the pycaret installation. Please run: `pip install cuml` to install.
2026-01-13 01:03:08,323:WARNING:/home/azure/phishing_detector/venv/lib/python3.11/site-packages/sklearn/base.py:376: InconsistentVersionWarning: Trying to unpickle estimator SimpleImputer from version 1.2.2 when using version 1.4.2. This might lead to breaking code or invalid results. Use at your own risk. For more info please refer to:
https://scikit-learn.org/stable/model_persistence.html#security-maintainability-limitations
  warnings.warn(

2026-01-13 01:03:08,323:WARNING:/home/azure/phishing_detector/venv/lib/python3.11/site-packages/sklearn/base.py:376: InconsistentVersionWarning: Trying to unpickle estimator PowerTransformer from version 1.2.2 when using version 1.4.2. This might lead to breaking code or invalid results. Use at your own risk. For more info please refer to:
https://scikit-learn.org/stable/model_persistence.html#security-maintainability-limitations
  warnings.warn(

2026-01-13 01:03:08,324:WARNING:/home/azure/phishing_detector/venv/lib/python3.11/site-packages/sklearn/base.py:376: InconsistentVersionWarning: Trying to unpickle estimator StandardScaler from version 1.2.2 when using version 1.4.2. This might lead to breaking code or invalid results. Use at your own risk. For more info please refer to:
https://scikit-learn.org/stable/model_persistence.html#security-maintainability-limitations
  warnings.warn(

2026-01-13 01:03:08,343:WARNING:/home/azure/phishing_detector/venv/lib/python3.11/site-packages/sklearn/base.py:376: InconsistentVersionWarning: Trying to unpickle estimator LabelEncoder from version 1.2.2 when using version 1.4.2. This might lead to breaking code or invalid results. Use at your own risk. For more info please refer to:
https://scikit-learn.org/stable/model_persistence.html#security-maintainability-limitations
  warnings.warn(

2026-01-13 01:03:08,349:WARNING:/home/azure/phishing_detector/venv/lib/python3.11/site-packages/pycaret/internal/pipeline.py:148: UserWarning: Version mismatch:
current: {'deps_info': {'pip': '23.0.1', 'setuptools': '66.1.1', 'pycaret': '3.3.2', 'IPython': '9.9.0', 'ipywidgets': '8.1.8', 'tqdm': '4.67.1', 'numpy': '1.26.4', 'pandas': '2.1.4', 'jinja2': '3.1.6', 'scipy': '1.11.4', 'joblib': '1.3.2', 'sklearn': '1.4.2', 'pyod': '2.0.6', 'imblearn': '0.14.1', 'category_encoders': '2.7.0', 'lightgbm': '4.6.0', 'numba': '0.63.1', 'requests': '2.32.5', 'matplotlib': '3.7.5', 'scikitplot': '0.3.7', 'yellowbrick': '1.5', 'plotly': '6.5.0', 'plotly-resampler': 'Not installed', 'kaleido': '1.2.0', 'schemdraw': '0.15', 'statsmodels': '0.14.6', 'sktime': '0.26.0', 'tbats': '1.1.3', 'pmdarima': '2.0.4', 'psutil': '7.2.1', 'markupsafe': '3.0.3', 'pickle5': 'Not installed', 'cloudpickle': '3.1.2', 'deprecation': '2.1.0', 'xxhash': '3.6.0', 'wurlitzer': '3.1.1'}, 'python': {'version': '3.11.2', 'machine': 'x86_64'}}
pickle: {'deps_info': {'pip': '23.1.2', 'setuptools': '67.7.2', 'pycaret': '3.0.4', 'IPython': '7.34.0', 'ipywidgets': '7.7.1', 'tqdm': '4.66.1', 'numpy': '1.23.5', 'pandas': '1.5.3', 'jinja2': '3.1.2', 'scipy': '1.10.1', 'joblib': '1.3.2', 'sklearn': '1.2.2', 'pyod': '1.1.0', 'imblearn': '0.10.1', 'category_encoders': '2.6.2', 'lightgbm': '4.0.0', 'numba': '0.56.4', 'requests': '2.31.0', 'matplotlib': '3.7.1', 'scikitplot': '0.3.7', 'yellowbrick': '1.5', 'plotly': '5.15.0', 'plotly-resampler': 'Not installed', 'kaleido': '0.2.1', 'schemdraw': '0.15', 'statsmodels': '0.14.0', 'sktime': '0.22.0', 'tbats': '1.1.3', 'pmdarima': '2.0.3', 'psutil': '5.9.5', 'markupsafe': '2.1.3', 'pickle5': 'Not installed', 'cloudpickle': '2.2.1', 'deprecation': '2.1.0', 'xxhash': '3.3.0', 'wurlitzer': '3.0.3'}, 'python': {'version': '3.10.12', 'machine': 'x86_64'}}
  warnings.warn(

2026-01-13 01:03:31,051:INFO:Initializing predict_model()
2026-01-13 01:03:31,051:INFO:predict_model(self=<pycaret.classification.oop.ClassificationExperiment object at 0x7f5db8712650>, estimator=Pipeline(memory=FastMemory(location=/tmp/joblib),
         steps=[('numerical_imputer',
                 TransformerWrapper(include=['domain_att', 'URL_Length',
                                             'URL_Depth'],
                                    transformer=SimpleImputer())),
                ('categorical_imputer',
                 TransformerWrapper(include=[],
                                    transformer=SimpleImputer(strategy='most_frequent'))),
                ('transformation',
                 TransformerWrapper(transformer=PowerTransformer(standardize=False))),
                ('normalize', TransformerWrapper(transformer=StandardScaler())),
                ('clean_column_names',
                 TransformerWrapper(transformer=CleanColumnNames())),
                ('trained_model', LGBMClassifier(n_jobs=-1, random_state=321))]), probability_threshold=None, encoded_labels=False, raw_score=False, round=4, verbose=True, ml_usecase=None, preprocess=True, encode_labels=<function _SupervisedExperiment.predict_model.<locals>.encode_labels at 0x7f5db870c7c0>)
2026-01-13 01:03:31,051:INFO:Checking exceptions
2026-01-13 01:03:31,051:INFO:Preloading libraries
2026-01-13 01:03:31,052:INFO:Set up data.
2026-01-13 01:03:31,056:INFO:Set up index.
2026-01-29 00:50:05,304:WARNING:
'cuml' is a soft dependency and not included in the pycaret installation. Please run: `pip install cuml` to install.
2026-01-29 00:50:05,305:WARNING:
'cuml' is a soft dependency and not included in the pycaret installation. Please run: `pip install cuml` to install.
2026-01-29 00:50:05,305:WARNING:
'cuml' is a soft dependency and not included in the pycaret installation. Please run: `pip install cuml` to install.
2026-01-29 00:50:05,305:WARNING:
'cuml' is a soft dependency and not included in the pycaret installation. Please run: `pip install cuml` to install.
2026-01-29 00:50:06,803:WARNING:/home/azure/phishing_detector/venv/lib/python3.11/site-packages/sklearn/base.py:376: InconsistentVersionWarning: Trying to unpickle estimator SimpleImputer from version 1.2.2 when using version 1.4.2. This might lead to breaking code or invalid results. Use at your own risk. For more info please refer to:
https://scikit-learn.org/stable/model_persistence.html#security-maintainability-limitations
  warnings.warn(

2026-01-29 00:50:06,804:WARNING:/home/azure/phishing_detector/venv/lib/python3.11/site-packages/sklearn/base.py:376: InconsistentVersionWarning: Trying to unpickle estimator PowerTransformer from version 1.2.2 when using version 1.4.2. This might lead to breaking code or invalid results. Use at your own risk. For more info please refer to:
https://scikit-learn.org/stable/model_persistence.html#security-maintainability-limitations
  warnings.warn(

2026-01-29 00:50:06,805:WARNING:/home/azure/phishing_detector/venv/lib/python3.11/site-packages/sklearn/base.py:376: InconsistentVersionWarning: Trying to unpickle estimator StandardScaler from version 1.2.2 when using version 1.4.2. This might lead to breaking code or invalid results. Use at your own risk. For more info please refer to:
https://scikit-learn.org/stable/model_persistence.html#security-maintainability-limitations
  warnings.warn(

2026-01-29 00:50:06,904:WARNING:/home/azure/phishing_detector/venv/lib/python3.11/site-packages/sklearn/base.py:376: InconsistentVersionWarning: Trying to unpickle estimator LabelEncoder from version 1.2.2 when using version 1.4.2. This might lead to breaking code or invalid results. Use at your own risk. For more info please refer to:
https://scikit-learn.org/stable/model_persistence.html#security-maintainability-limitations
  warnings.warn(

2026-01-29 00:50:06,918:WARNING:/home/azure/phishing_detector/venv/lib/python3.11/site-packages/pycaret/internal/pipeline.py:148: UserWarning: Version mismatch:
current: {'deps_info': {'pip': '23.0.1', 'setuptools': '66.1.1', 'pycaret': '3.3.2', 'IPython': '9.9.0', 'ipywidgets': '8.1.8', 'tqdm': '4.67.1', 'numpy': '1.26.4', 'pandas': '2.1.4', 'jinja2': '3.1.6', 'scipy': '1.11.4', 'joblib': '1.3.2', 'sklearn': '1.4.2', 'pyod': '2.0.6', 'imblearn': '0.14.1', 'category_encoders': '2.7.0', 'lightgbm': '4.6.0', 'numba': '0.63.1', 'requests': '2.32.5', 'matplotlib': '3.7.5', 'scikitplot': '0.3.7', 'yellowbrick': '1.5', 'plotly': '6.5.0', 'plotly-resampler': 'Not installed', 'kaleido': '1.2.0', 'schemdraw': '0.15', 'statsmodels': '0.14.6', 'sktime': '0.26.0', 'tbats': '1.1.3', 'pmdarima': '2.0.4', 'psutil': '7.2.1', 'markupsafe': '3.0.3', 'pickle5': 'Not installed', 'cloudpickle': '3.1.2', 'deprecation': '2.1.0', 'xxhash': '3.6.0', 'wurlitzer': '3.1.1'}, 'python': {'version': '3.11.2', 'machine': 'x86_64'}}
pickle: {'deps_info': {'pip': '23.1.2', 'setuptools': '67.7.2', 'pycaret': '3.0.4', 'IPython': '7.34.0', 'ipywidgets': '7.7.1', 'tqdm': '4.66.1', 'numpy': '1.23.5', 'pandas': '1.5.3', 'jinja2': '3.1.2', 'scipy': '1.10.1', 'joblib': '1.3.2', 'sklearn': '1.2.2', 'pyod': '1.1.0', 'imblearn': '0.10.1', 'category_encoders': '2.6.2', 'lightgbm': '4.0.0', 'numba': '0.56.4', 'requests': '2.31.0', 'matplotlib': '3.7.1', 'scikitplot': '0.3.7', 'yellowbrick': '1.5', 'plotly': '5.15.0', 'plotly-resampler': 'Not installed', 'kaleido': '0.2.1', 'schemdraw': '0.15', 'statsmodels': '0.14.0', 'sktime': '0.22.0', 'tbats': '1.1.3', 'pmdarima': '2.0.3', 'psutil': '5.9.5', 'markupsafe': '2.1.3', 'pickle5': 'Not installed', 'cloudpickle': '2.2.1', 'deprecation': '2.1.0', 'xxhash': '3.3.0', 'wurlitzer': '3.0.3'}, 'python': {'version': '3.10.12', 'machine': 'x86_64'}}
  warnings.warn(

2026-01-29 00:50:09,324:WARNING:
'cuml' is a soft dependency and not included in the pycaret installation. Please run: `pip install cuml` to install.
2026-01-29 00:50:09,324:WARNING:
'cuml' is a soft dependency and not included in the pycaret installation. Please run: `pip install cuml` to install.
2026-01-29 00:50:09,324:WARNING:
'cuml' is a soft dependency and not included in the pycaret installation. Please run: `pip install cuml` to install.
2026-01-29 00:50:09,324:WARNING:
'cuml' is a soft dependency and not included in the pycaret installation. Please run: `pip install cuml` to install.
2026-01-29 00:50:10,283:WARNING:/home/azure/phishing_detector/venv/lib/python3.11/site-packages/sklearn/base.py:376: InconsistentVersionWarning: Trying to unpickle estimator SimpleImputer from version 1.2.2 when using version 1.4.2. This might lead to breaking code or invalid results. Use at your own risk. For more info please refer to:
https://scikit-learn.org/stable/model_persistence.html#security-maintainability-limitations
  warnings.warn(

2026-01-29 00:50:10,283:WARNING:/home/azure/phishing_detector/venv/lib/python3.11/site-packages/sklearn/base.py:376: InconsistentVersionWarning: Trying to unpickle estimator PowerTransformer from version 1.2.2 when using version 1.4.2. This might lead to breaking code or invalid results. Use at your own risk. For more info please refer to:
https://scikit-learn.org/stable/model_persistence.html#security-maintainability-limitations
  warnings.warn(

2026-01-29 00:50:10,284:WARNING:/home/azure/phishing_detector/venv/lib/python3.11/site-packages/sklearn/base.py:376: InconsistentVersionWarning: Trying to unpickle estimator StandardScaler from version 1.2.2 when using version 1.4.2. This might lead to breaking code or invalid results. Use at your own risk. For more info please refer to:
https://scikit-learn.org/stable/model_persistence.html#security-maintainability-limitations
  warnings.warn(

2026-01-29 00:50:10,311:WARNING:/home/azure/phishing_detector/venv/lib/python3.11/site-packages/sklearn/base.py:376: InconsistentVersionWarning: Trying to unpickle estimator LabelEncoder from version 1.2.2 when using version 1.4.2. This might lead to breaking code or invalid results. Use at your own risk. For more info please refer to:
https://scikit-learn.org/stable/model_persistence.html#security-maintainability-limitations
  warnings.warn(

2026-01-29 00:50:10,319:WARNING:/home/azure/phishing_detector/venv/lib/python3.11/site-packages/pycaret/internal/pipeline.py:148: UserWarning: Version mismatch:
current: {'deps_info': {'pip': '23.0.1', 'setuptools': '66.1.1', 'pycaret': '3.3.2', 'IPython': '9.9.0', 'ipywidgets': '8.1.8', 'tqdm': '4.67.1', 'numpy': '1.26.4', 'pandas': '2.1.4', 'jinja2': '3.1.6', 'scipy': '1.11.4', 'joblib': '1.3.2', 'sklearn': '1.4.2', 'pyod': '2.0.6', 'imblearn': '0.14.1', 'category_encoders': '2.7.0', 'lightgbm': '4.6.0', 'numba': '0.63.1', 'requests': '2.32.5', 'matplotlib': '3.7.5', 'scikitplot': '0.3.7', 'yellowbrick': '1.5', 'plotly': '6.5.0', 'plotly-resampler': 'Not installed', 'kaleido': '1.2.0', 'schemdraw': '0.15', 'statsmodels': '0.14.6', 'sktime': '0.26.0', 'tbats': '1.1.3', 'pmdarima': '2.0.4', 'psutil': '7.2.1', 'markupsafe': '3.0.3', 'pickle5': 'Not installed', 'cloudpickle': '3.1.2', 'deprecation': '2.1.0', 'xxhash': '3.6.0', 'wurlitzer': '3.1.1'}, 'python': {'version': '3.11.2', 'machine': 'x86_64'}}
pickle: {'deps_info': {'pip': '23.1.2', 'setuptools': '67.7.2', 'pycaret': '3.0.4', 'IPython': '7.34.0', 'ipywidgets': '7.7.1', 'tqdm': '4.66.1', 'numpy': '1.23.5', 'pandas': '1.5.3', 'jinja2': '3.1.2', 'scipy': '1.10.1', 'joblib': '1.3.2', 'sklearn': '1.2.2', 'pyod': '1.1.0', 'imblearn': '0.10.1', 'category_encoders': '2.6.2', 'lightgbm': '4.0.0', 'numba': '0.56.4', 'requests': '2.31.0', 'matplotlib': '3.7.1', 'scikitplot': '0.3.7', 'yellowbrick': '1.5', 'plotly': '5.15.0', 'plotly-resampler': 'Not installed', 'kaleido': '0.2.1', 'schemdraw': '0.15', 'statsmodels': '0.14.0', 'sktime': '0.22.0', 'tbats': '1.1.3', 'pmdarima': '2.0.3', 'psutil': '5.9.5', 'markupsafe': '2.1.3', 'pickle5': 'Not installed', 'cloudpickle': '2.2.1', 'deprecation': '2.1.0', 'xxhash': '3.3.0', 'wurlitzer': '3.0.3'}, 'python': {'version': '3.10.12', 'machine': 'x86_64'}}
  warnings.warn(

2026-01-29 00:50:23,229:INFO:Initializing predict_model()
2026-01-29 00:50:23,229:INFO:predict_model(self=<pycaret.classification.oop.ClassificationExperiment object at 0x7fbb33939b50>, estimator=Pipeline(memory=FastMemory(location=/tmp/joblib),
         steps=[('numerical_imputer',
                 TransformerWrapper(include=['domain_att', 'URL_Length',
                                             'URL_Depth'],
                                    transformer=SimpleImputer())),
                ('categorical_imputer',
                 TransformerWrapper(include=[],
                                    transformer=SimpleImputer(strategy='most_frequent'))),
                ('transformation',
                 TransformerWrapper(transformer=PowerTransformer(standardize=False))),
                ('normalize', TransformerWrapper(transformer=StandardScaler())),
                ('clean_column_names',
                 TransformerWrapper(transformer=CleanColumnNames())),
                ('trained_model', LGBMClassifier(n_jobs=-1, random_state=321))]), probability_threshold=None, encoded_labels=False, raw_score=False, round=4, verbose=True, ml_usecase=None, preprocess=True, encode_labels=<function _SupervisedExperiment.predict_model.<locals>.encode_labels at 0x7fbb338efc40>)
2026-01-29 00:50:23,229:INFO:Checking exceptions
2026-01-29 00:50:23,229:INFO:Preloading libraries
2026-01-29 00:50:23,229:INFO:Set up data.
2026-01-29 00:50:23,233:INFO:Set up index.
2026-01-29 00:51:39,889:WARNING:
'cuml' is a soft dependency and not included in the pycaret installation. Please run: `pip install cuml` to install.
2026-01-29 00:51:39,889:WARNING:
'cuml' is a soft dependency and not included in the pycaret installation. Please run: `pip install cuml` to install.
2026-01-29 00:51:39,889:WARNING:
'cuml' is a soft dependency and not included in the pycaret installation. Please run: `pip install cuml` to install.
2026-01-29 00:51:39,889:WARNING:
'cuml' is a soft dependency and not included in the pycaret installation. Please run: `pip install cuml` to install.
2026-01-29 00:51:40,619:WARNING:/home/azure/phishing_detector/venv/lib/python3.11/site-packages/sklearn/base.py:376: InconsistentVersionWarning: Trying to unpickle estimator SimpleImputer from version 1.2.2 when using version 1.4.2. This might lead to breaking code or invalid results. Use at your own risk. For more info please refer to:
https://scikit-learn.org/stable/model_persistence.html#security-maintainability-limitations
  warnings.warn(

2026-01-29 00:51:40,620:WARNING:/home/azure/phishing_detector/venv/lib/python3.11/site-packages/sklearn/base.py:376: InconsistentVersionWarning: Trying to unpickle estimator PowerTransformer from version 1.2.2 when using version 1.4.2. This might lead to breaking code or invalid results. Use at your own risk. For more info please refer to:
https://scikit-learn.org/stable/model_persistence.html#security-maintainability-limitations
  warnings.warn(

2026-01-29 00:51:40,620:WARNING:/home/azure/phishing_detector/venv/lib/python3.11/site-packages/sklearn/base.py:376: InconsistentVersionWarning: Trying to unpickle estimator StandardScaler from version 1.2.2 when using version 1.4.2. This might lead to breaking code or invalid results. Use at your own risk. For more info please refer to:
https://scikit-learn.org/stable/model_persistence.html#security-maintainability-limitations
  warnings.warn(

2026-01-29 00:51:40,643:WARNING:/home/azure/phishing_detector/venv/lib/python3.11/site-packages/sklearn/base.py:376: InconsistentVersionWarning: Trying to unpickle estimator LabelEncoder from version 1.2.2 when using version 1.4.2. This might lead to breaking code or invalid results. Use at your own risk. For more info please refer to:
https://scikit-learn.org/stable/model_persistence.html#security-maintainability-limitations
  warnings.warn(

2026-01-29 00:51:40,647:WARNING:/home/azure/phishing_detector/venv/lib/python3.11/site-packages/pycaret/internal/pipeline.py:148: UserWarning: Version mismatch:
current: {'deps_info': {'pip': '23.0.1', 'setuptools': '66.1.1', 'pycaret': '3.3.2', 'IPython': '9.9.0', 'ipywidgets': '8.1.8', 'tqdm': '4.67.1', 'numpy': '1.26.4', 'pandas': '2.1.4', 'jinja2': '3.1.6', 'scipy': '1.11.4', 'joblib': '1.3.2', 'sklearn': '1.4.2', 'pyod': '2.0.6', 'imblearn': '0.14.1', 'category_encoders': '2.7.0', 'lightgbm': '4.6.0', 'numba': '0.63.1', 'requests': '2.32.5', 'matplotlib': '3.7.5', 'scikitplot': '0.3.7', 'yellowbrick': '1.5', 'plotly': '6.5.0', 'plotly-resampler': 'Not installed', 'kaleido': '1.2.0', 'schemdraw': '0.15', 'statsmodels': '0.14.6', 'sktime': '0.26.0', 'tbats': '1.1.3', 'pmdarima': '2.0.4', 'psutil': '7.2.1', 'markupsafe': '3.0.3', 'pickle5': 'Not installed', 'cloudpickle': '3.1.2', 'deprecation': '2.1.0', 'xxhash': '3.6.0', 'wurlitzer': '3.1.1'}, 'python': {'version': '3.11.2', 'machine': 'x86_64'}}
pickle: {'deps_info': {'pip': '23.1.2', 'setuptools': '67.7.2', 'pycaret': '3.0.4', 'IPython': '7.34.0', 'ipywidgets': '7.7.1', 'tqdm': '4.66.1', 'numpy': '1.23.5', 'pandas': '1.5.3', 'jinja2': '3.1.2', 'scipy': '1.10.1', 'joblib': '1.3.2', 'sklearn': '1.2.2', 'pyod': '1.1.0', 'imblearn': '0.10.1', 'category_encoders': '2.6.2', 'lightgbm': '4.0.0', 'numba': '0.56.4', 'requests': '2.31.0', 'matplotlib': '3.7.1', 'scikitplot': '0.3.7', 'yellowbrick': '1.5', 'plotly': '5.15.0', 'plotly-resampler': 'Not installed', 'kaleido': '0.2.1', 'schemdraw': '0.15', 'statsmodels': '0.14.0', 'sktime': '0.22.0', 'tbats': '1.1.3', 'pmdarima': '2.0.3', 'psutil': '5.9.5', 'markupsafe': '2.1.3', 'pickle5': 'Not installed', 'cloudpickle': '2.2.1', 'deprecation': '2.1.0', 'xxhash': '3.3.0', 'wurlitzer': '3.0.3'}, 'python': {'version': '3.10.12', 'machine': 'x86_64'}}
  warnings.warn(

2026-01-29 00:51:40,752:INFO:Initializing predict_model()
2026-01-29 00:51:40,753:INFO:predict_model(self=<pycaret.classification.oop.ClassificationExperiment object at 0x7f2279b22e90>, estimator=Pipeline(memory=FastMemory(location=/tmp/joblib),
         steps=[('numerical_imputer',
                 TransformerWrapper(include=['domain_att', 'URL_Length',
                                             'URL_Depth'],
                                    transformer=SimpleImputer())),
                ('categorical_imputer',
                 TransformerWrapper(include=[],
                                    transformer=SimpleImputer(strategy='most_frequent'))),
                ('transformation',
                 TransformerWrapper(transformer=PowerTransformer(standardize=False))),
                ('normalize', TransformerWrapper(transformer=StandardScaler())),
                ('clean_column_names',
                 TransformerWrapper(transformer=CleanColumnNames())),
                ('trained_model', LGBMClassifier(n_jobs=-1, random_state=321))]), probability_threshold=None, encoded_labels=False, raw_score=False, round=4, verbose=True, ml_usecase=None, preprocess=True, encode_labels=<function _SupervisedExperiment.predict_model.<locals>.encode_labels at 0x7f228010bf60>)
2026-01-29 00:51:40,753:INFO:Checking exceptions
2026-01-29 00:51:40,753:INFO:Preloading libraries
2026-01-29 00:51:40,753:INFO:Set up data.
2026-01-29 00:51:40,757:INFO:Set up index.
2026-01-29 00:51:44,827:INFO:Initializing predict_model()
2026-01-29 00:51:44,827:INFO:predict_model(self=<pycaret.classification.oop.ClassificationExperiment object at 0x7f2279ae6090>, estimator=Pipeline(memory=FastMemory(location=/tmp/joblib),
         steps=[('numerical_imputer',
                 TransformerWrapper(include=['domain_att', 'URL_Length',
                                             'URL_Depth'],
                                    transformer=SimpleImputer())),
                ('categorical_imputer',
                 TransformerWrapper(include=[],
                                    transformer=SimpleImputer(strategy='most_frequent'))),
                ('transformation',
                 TransformerWrapper(transformer=PowerTransformer(standardize=False))),
                ('normalize', TransformerWrapper(transformer=StandardScaler())),
                ('clean_column_names',
                 TransformerWrapper(transformer=CleanColumnNames())),
                ('trained_model', LGBMClassifier(n_jobs=-1, random_state=321))]), probability_threshold=None, encoded_labels=False, raw_score=False, round=4, verbose=True, ml_usecase=None, preprocess=True, encode_labels=<function _SupervisedExperiment.predict_model.<locals>.encode_labels at 0x7f228014dc60>)
2026-01-29 00:51:44,827:INFO:Checking exceptions
2026-01-29 00:51:44,827:INFO:Preloading libraries
2026-01-29 00:51:44,827:INFO:Set up data.
2026-01-29 00:51:44,830:INFO:Set up index.
2026-01-29 00:51:54,851:INFO:Initializing predict_model()
2026-01-29 00:51:54,851:INFO:predict_model(self=<pycaret.classification.oop.ClassificationExperiment object at 0x7f2279ae6f10>, estimator=Pipeline(memory=FastMemory(location=/tmp/joblib),
         steps=[('numerical_imputer',
                 TransformerWrapper(include=['domain_att', 'URL_Length',
                                             'URL_Depth'],
                                    transformer=SimpleImputer())),
                ('categorical_imputer',
                 TransformerWrapper(include=[],
                                    transformer=SimpleImputer(strategy='most_frequent'))),
                ('transformation',
                 TransformerWrapper(transformer=PowerTransformer(standardize=False))),
                ('normalize', TransformerWrapper(transformer=StandardScaler())),
                ('clean_column_names',
                 TransformerWrapper(transformer=CleanColumnNames())),
                ('trained_model', LGBMClassifier(n_jobs=-1, random_state=321))]), probability_threshold=None, encoded_labels=False, raw_score=False, round=4, verbose=True, ml_usecase=None, preprocess=True, encode_labels=<function _SupervisedExperiment.predict_model.<locals>.encode_labels at 0x7f228014dbc0>)
2026-01-29 00:51:54,851:INFO:Checking exceptions
2026-01-29 00:51:54,851:INFO:Preloading libraries
2026-01-29 00:51:54,851:INFO:Set up data.
2026-01-29 00:51:54,855:INFO:Set up index.
2026-01-29 00:53:47,246:INFO:Initializing predict_model()
2026-01-29 00:53:47,246:INFO:predict_model(self=<pycaret.classification.oop.ClassificationExperiment object at 0x7f2279ae7350>, estimator=Pipeline(memory=FastMemory(location=/tmp/joblib),
         steps=[('numerical_imputer',
                 TransformerWrapper(include=['domain_att', 'URL_Length',
                                             'URL_Depth'],
                                    transformer=SimpleImputer())),
                ('categorical_imputer',
                 TransformerWrapper(include=[],
                                    transformer=SimpleImputer(strategy='most_frequent'))),
                ('transformation',
                 TransformerWrapper(transformer=PowerTransformer(standardize=False))),
                ('normalize', TransformerWrapper(transformer=StandardScaler())),
                ('clean_column_names',
                 TransformerWrapper(transformer=CleanColumnNames())),
                ('trained_model', LGBMClassifier(n_jobs=-1, random_state=321))]), probability_threshold=None, encoded_labels=False, raw_score=False, round=4, verbose=True, ml_usecase=None, preprocess=True, encode_labels=<function _SupervisedExperiment.predict_model.<locals>.encode_labels at 0x7f228014c180>)
2026-01-29 00:53:47,246:INFO:Checking exceptions
2026-01-29 00:53:47,246:INFO:Preloading libraries
2026-01-29 00:53:47,246:INFO:Set up data.
2026-01-29 00:53:47,249:INFO:Set up index.
2026-01-29 00:53:59,793:INFO:Initializing predict_model()
2026-01-29 00:53:59,793:INFO:predict_model(self=<pycaret.classification.oop.ClassificationExperiment object at 0x7f2279ae4590>, estimator=Pipeline(memory=FastMemory(location=/tmp/joblib),
         steps=[('numerical_imputer',
                 TransformerWrapper(include=['domain_att', 'URL_Length',
                                             'URL_Depth'],
                                    transformer=SimpleImputer())),
                ('categorical_imputer',
                 TransformerWrapper(include=[],
                                    transformer=SimpleImputer(strategy='most_frequent'))),
                ('transformation',
                 TransformerWrapper(transformer=PowerTransformer(standardize=False))),
                ('normalize', TransformerWrapper(transformer=StandardScaler())),
                ('clean_column_names',
                 TransformerWrapper(transformer=CleanColumnNames())),
                ('trained_model', LGBMClassifier(n_jobs=-1, random_state=321))]), probability_threshold=None, encoded_labels=False, raw_score=False, round=4, verbose=True, ml_usecase=None, preprocess=True, encode_labels=<function _SupervisedExperiment.predict_model.<locals>.encode_labels at 0x7f228014e480>)
2026-01-29 00:53:59,793:INFO:Checking exceptions
2026-01-29 00:53:59,793:INFO:Preloading libraries
2026-01-29 00:53:59,794:INFO:Set up data.
2026-01-29 00:53:59,796:INFO:Set up index.
2026-01-29 00:54:22,097:WARNING:
'cuml' is a soft dependency and not included in the pycaret installation. Please run: `pip install cuml` to install.
2026-01-29 00:54:22,097:WARNING:
'cuml' is a soft dependency and not included in the pycaret installation. Please run: `pip install cuml` to install.
2026-01-29 00:54:22,097:WARNING:
'cuml' is a soft dependency and not included in the pycaret installation. Please run: `pip install cuml` to install.
2026-01-29 00:54:22,097:WARNING:
'cuml' is a soft dependency and not included in the pycaret installation. Please run: `pip install cuml` to install.
2026-01-29 00:54:22,751:WARNING:/home/azure/phishing_detector/venv/lib/python3.11/site-packages/sklearn/base.py:376: InconsistentVersionWarning: Trying to unpickle estimator SimpleImputer from version 1.2.2 when using version 1.4.2. This might lead to breaking code or invalid results. Use at your own risk. For more info please refer to:
https://scikit-learn.org/stable/model_persistence.html#security-maintainability-limitations
  warnings.warn(

2026-01-29 00:54:22,751:WARNING:/home/azure/phishing_detector/venv/lib/python3.11/site-packages/sklearn/base.py:376: InconsistentVersionWarning: Trying to unpickle estimator PowerTransformer from version 1.2.2 when using version 1.4.2. This might lead to breaking code or invalid results. Use at your own risk. For more info please refer to:
https://scikit-learn.org/stable/model_persistence.html#security-maintainability-limitations
  warnings.warn(

2026-01-29 00:54:22,752:WARNING:/home/azure/phishing_detector/venv/lib/python3.11/site-packages/sklearn/base.py:376: InconsistentVersionWarning: Trying to unpickle estimator StandardScaler from version 1.2.2 when using version 1.4.2. This might lead to breaking code or invalid results. Use at your own risk. For more info please refer to:
https://scikit-learn.org/stable/model_persistence.html#security-maintainability-limitations
  warnings.warn(

2026-01-29 00:54:22,769:WARNING:/home/azure/phishing_detector/venv/lib/python3.11/site-packages/sklearn/base.py:376: InconsistentVersionWarning: Trying to unpickle estimator LabelEncoder from version 1.2.2 when using version 1.4.2. This might lead to breaking code or invalid results. Use at your own risk. For more info please refer to:
https://scikit-learn.org/stable/model_persistence.html#security-maintainability-limitations
  warnings.warn(

2026-01-29 00:54:22,776:WARNING:/home/azure/phishing_detector/venv/lib/python3.11/site-packages/pycaret/internal/pipeline.py:148: UserWarning: Version mismatch:
current: {'deps_info': {'pip': '23.0.1', 'setuptools': '66.1.1', 'pycaret': '3.3.2', 'IPython': '9.9.0', 'ipywidgets': '8.1.8', 'tqdm': '4.67.1', 'numpy': '1.26.4', 'pandas': '2.1.4', 'jinja2': '3.1.6', 'scipy': '1.11.4', 'joblib': '1.3.2', 'sklearn': '1.4.2', 'pyod': '2.0.6', 'imblearn': '0.14.1', 'category_encoders': '2.7.0', 'lightgbm': '4.6.0', 'numba': '0.63.1', 'requests': '2.32.5', 'matplotlib': '3.7.5', 'scikitplot': '0.3.7', 'yellowbrick': '1.5', 'plotly': '6.5.0', 'plotly-resampler': 'Not installed', 'kaleido': '1.2.0', 'schemdraw': '0.15', 'statsmodels': '0.14.6', 'sktime': '0.26.0', 'tbats': '1.1.3', 'pmdarima': '2.0.4', 'psutil': '7.2.1', 'markupsafe': '3.0.3', 'pickle5': 'Not installed', 'cloudpickle': '3.1.2', 'deprecation': '2.1.0', 'xxhash': '3.6.0', 'wurlitzer': '3.1.1'}, 'python': {'version': '3.11.2', 'machine': 'x86_64'}}
pickle: {'deps_info': {'pip': '23.1.2', 'setuptools': '67.7.2', 'pycaret': '3.0.4', 'IPython': '7.34.0', 'ipywidgets': '7.7.1', 'tqdm': '4.66.1', 'numpy': '1.23.5', 'pandas': '1.5.3', 'jinja2': '3.1.2', 'scipy': '1.10.1', 'joblib': '1.3.2', 'sklearn': '1.2.2', 'pyod': '1.1.0', 'imblearn': '0.10.1', 'category_encoders': '2.6.2', 'lightgbm': '4.0.0', 'numba': '0.56.4', 'requests': '2.31.0', 'matplotlib': '3.7.1', 'scikitplot': '0.3.7', 'yellowbrick': '1.5', 'plotly': '5.15.0', 'plotly-resampler': 'Not installed', 'kaleido': '0.2.1', 'schemdraw': '0.15', 'statsmodels': '0.14.0', 'sktime': '0.22.0', 'tbats': '1.1.3', 'pmdarima': '2.0.3', 'psutil': '5.9.5', 'markupsafe': '2.1.3', 'pickle5': 'Not installed', 'cloudpickle': '2.2.1', 'deprecation': '2.1.0', 'xxhash': '3.3.0', 'wurlitzer': '3.0.3'}, 'python': {'version': '3.10.12', 'machine': 'x86_64'}}
  warnings.warn(

2026-01-29 00:54:24,418:WARNING:
'cuml' is a soft dependency and not included in the pycaret installation. Please run: `pip install cuml` to install.
2026-01-29 00:54:24,418:WARNING:
'cuml' is a soft dependency and not included in the pycaret installation. Please run: `pip install cuml` to install.
2026-01-29 00:54:24,418:WARNING:
'cuml' is a soft dependency and not included in the pycaret installation. Please run: `pip install cuml` to install.
2026-01-29 00:54:24,418:WARNING:
'cuml' is a soft dependency and not included in the pycaret installation. Please run: `pip install cuml` to install.
2026-01-29 00:54:25,171:WARNING:/home/azure/phishing_detector/venv/lib/python3.11/site-packages/sklearn/base.py:376: InconsistentVersionWarning: Trying to unpickle estimator SimpleImputer from version 1.2.2 when using version 1.4.2. This might lead to breaking code or invalid results. Use at your own risk. For more info please refer to:
https://scikit-learn.org/stable/model_persistence.html#security-maintainability-limitations
  warnings.warn(

2026-01-29 00:54:25,172:WARNING:/home/azure/phishing_detector/venv/lib/python3.11/site-packages/sklearn/base.py:376: InconsistentVersionWarning: Trying to unpickle estimator PowerTransformer from version 1.2.2 when using version 1.4.2. This might lead to breaking code or invalid results. Use at your own risk. For more info please refer to:
https://scikit-learn.org/stable/model_persistence.html#security-maintainability-limitations
  warnings.warn(

2026-01-29 00:54:25,172:WARNING:/home/azure/phishing_detector/venv/lib/python3.11/site-packages/sklearn/base.py:376: InconsistentVersionWarning: Trying to unpickle estimator StandardScaler from version 1.2.2 when using version 1.4.2. This might lead to breaking code or invalid results. Use at your own risk. For more info please refer to:
https://scikit-learn.org/stable/model_persistence.html#security-maintainability-limitations
  warnings.warn(

2026-01-29 00:54:25,190:WARNING:/home/azure/phishing_detector/venv/lib/python3.11/site-packages/sklearn/base.py:376: InconsistentVersionWarning: Trying to unpickle estimator LabelEncoder from version 1.2.2 when using version 1.4.2. This might lead to breaking code or invalid results. Use at your own risk. For more info please refer to:
https://scikit-learn.org/stable/model_persistence.html#security-maintainability-limitations
  warnings.warn(

2026-01-29 00:54:25,197:WARNING:/home/azure/phishing_detector/venv/lib/python3.11/site-packages/pycaret/internal/pipeline.py:148: UserWarning: Version mismatch:
current: {'deps_info': {'pip': '23.0.1', 'setuptools': '66.1.1', 'pycaret': '3.3.2', 'IPython': '9.9.0', 'ipywidgets': '8.1.8', 'tqdm': '4.67.1', 'numpy': '1.26.4', 'pandas': '2.1.4', 'jinja2': '3.1.6', 'scipy': '1.11.4', 'joblib': '1.3.2', 'sklearn': '1.4.2', 'pyod': '2.0.6', 'imblearn': '0.14.1', 'category_encoders': '2.7.0', 'lightgbm': '4.6.0', 'numba': '0.63.1', 'requests': '2.32.5', 'matplotlib': '3.7.5', 'scikitplot': '0.3.7', 'yellowbrick': '1.5', 'plotly': '6.5.0', 'plotly-resampler': 'Not installed', 'kaleido': '1.2.0', 'schemdraw': '0.15', 'statsmodels': '0.14.6', 'sktime': '0.26.0', 'tbats': '1.1.3', 'pmdarima': '2.0.4', 'psutil': '7.2.1', 'markupsafe': '3.0.3', 'pickle5': 'Not installed', 'cloudpickle': '3.1.2', 'deprecation': '2.1.0', 'xxhash': '3.6.0', 'wurlitzer': '3.1.1'}, 'python': {'version': '3.11.2', 'machine': 'x86_64'}}
pickle: {'deps_info': {'pip': '23.1.2', 'setuptools': '67.7.2', 'pycaret': '3.0.4', 'IPython': '7.34.0', 'ipywidgets': '7.7.1', 'tqdm': '4.66.1', 'numpy': '1.23.5', 'pandas': '1.5.3', 'jinja2': '3.1.2', 'scipy': '1.10.1', 'joblib': '1.3.2', 'sklearn': '1.2.2', 'pyod': '1.1.0', 'imblearn': '0.10.1', 'category_encoders': '2.6.2', 'lightgbm': '4.0.0', 'numba': '0.56.4', 'requests': '2.31.0', 'matplotlib': '3.7.1', 'scikitplot': '0.3.7', 'yellowbrick': '1.5', 'plotly': '5.15.0', 'plotly-resampler': 'Not installed', 'kaleido': '0.2.1', 'schemdraw': '0.15', 'statsmodels': '0.14.0', 'sktime': '0.22.0', 'tbats': '1.1.3', 'pmdarima': '2.0.3', 'psutil': '5.9.5', 'markupsafe': '2.1.3', 'pickle5': 'Not installed', 'cloudpickle': '2.2.1', 'deprecation': '2.1.0', 'xxhash': '3.3.0', 'wurlitzer': '3.0.3'}, 'python': {'version': '3.10.12', 'machine': 'x86_64'}}
  warnings.warn(

2026-01-29 00:54:57,459:INFO:Initializing predict_model()
2026-01-29 00:54:57,459:INFO:predict_model(self=<pycaret.classification.oop.ClassificationExperiment object at 0x7f1355f46ad0>, estimator=Pipeline(memory=FastMemory(location=/tmp/joblib),
         steps=[('numerical_imputer',
                 TransformerWrapper(include=['domain_att', 'URL_Length',
                                             'URL_Depth'],
                                    transformer=SimpleImputer())),
                ('categorical_imputer',
                 TransformerWrapper(include=[],
                                    transformer=SimpleImputer(strategy='most_frequent'))),
                ('transformation',
                 TransformerWrapper(transformer=PowerTransformer(standardize=False))),
                ('normalize', TransformerWrapper(transformer=StandardScaler())),
                ('clean_column_names',
                 TransformerWrapper(transformer=CleanColumnNames())),
                ('trained_model', LGBMClassifier(n_jobs=-1, random_state=321))]), probability_threshold=None, encoded_labels=False, raw_score=False, round=4, verbose=True, ml_usecase=None, preprocess=True, encode_labels=<function _SupervisedExperiment.predict_model.<locals>.encode_labels at 0x7f135614ff60>)
2026-01-29 00:54:57,459:INFO:Checking exceptions
2026-01-29 00:54:57,459:INFO:Preloading libraries
2026-01-29 00:54:57,459:INFO:Set up data.
2026-01-29 00:54:57,463:INFO:Set up index.
2026-01-29 00:56:04,449:INFO:Initializing predict_model()
2026-01-29 00:56:04,449:INFO:predict_model(self=<pycaret.classification.oop.ClassificationExperiment object at 0x7f1354169ad0>, estimator=Pipeline(memory=FastMemory(location=/tmp/joblib),
         steps=[('numerical_imputer',
                 TransformerWrapper(include=['domain_att', 'URL_Length',
                                             'URL_Depth'],
                                    transformer=SimpleImputer())),
                ('categorical_imputer',
                 TransformerWrapper(include=[],
                                    transformer=SimpleImputer(strategy='most_frequent'))),
                ('transformation',
                 TransformerWrapper(transformer=PowerTransformer(standardize=False))),
                ('normalize', TransformerWrapper(transformer=StandardScaler())),
                ('clean_column_names',
                 TransformerWrapper(transformer=CleanColumnNames())),
                ('trained_model', LGBMClassifier(n_jobs=-1, random_state=321))]), probability_threshold=None, encoded_labels=False, raw_score=False, round=4, verbose=True, ml_usecase=None, preprocess=True, encode_labels=<function _SupervisedExperiment.predict_model.<locals>.encode_labels at 0x7f1355f4df80>)
2026-01-29 00:56:04,449:INFO:Checking exceptions
2026-01-29 00:56:04,449:INFO:Preloading libraries
2026-01-29 00:56:04,449:INFO:Set up data.
2026-01-29 00:56:04,452:INFO:Set up index.
2026-01-29 00:57:02,582:INFO:Initializing predict_model()
2026-01-29 00:57:02,582:INFO:predict_model(self=<pycaret.classification.oop.ClassificationExperiment object at 0x7f1355fb5b50>, estimator=Pipeline(memory=FastMemory(location=/tmp/joblib),
         steps=[('numerical_imputer',
                 TransformerWrapper(include=['domain_att', 'URL_Length',
                                             'URL_Depth'],
                                    transformer=SimpleImputer())),
                ('categorical_imputer',
                 TransformerWrapper(include=[],
                                    transformer=SimpleImputer(strategy='most_frequent'))),
                ('transformation',
                 TransformerWrapper(transformer=PowerTransformer(standardize=False))),
                ('normalize', TransformerWrapper(transformer=StandardScaler())),
                ('clean_column_names',
                 TransformerWrapper(transformer=CleanColumnNames())),
                ('trained_model', LGBMClassifier(n_jobs=-1, random_state=321))]), probability_threshold=None, encoded_labels=False, raw_score=False, round=4, verbose=True, ml_usecase=None, preprocess=True, encode_labels=<function _SupervisedExperiment.predict_model.<locals>.encode_labels at 0x7f1355f4cd60>)
2026-01-29 00:57:02,582:INFO:Checking exceptions
2026-01-29 00:57:02,582:INFO:Preloading libraries
2026-01-29 00:57:02,582:INFO:Set up data.
2026-01-29 00:57:02,584:INFO:Set up index.
2026-01-29 00:57:12,162:INFO:Initializing predict_model()
2026-01-29 00:57:12,162:INFO:predict_model(self=<pycaret.classification.oop.ClassificationExperiment object at 0x7f135416a190>, estimator=Pipeline(memory=FastMemory(location=/tmp/joblib),
         steps=[('numerical_imputer',
                 TransformerWrapper(include=['domain_att', 'URL_Length',
                                             'URL_Depth'],
                                    transformer=SimpleImputer())),
                ('categorical_imputer',
                 TransformerWrapper(include=[],
                                    transformer=SimpleImputer(strategy='most_frequent'))),
                ('transformation',
                 TransformerWrapper(transformer=PowerTransformer(standardize=False))),
                ('normalize', TransformerWrapper(transformer=StandardScaler())),
                ('clean_column_names',
                 TransformerWrapper(transformer=CleanColumnNames())),
                ('trained_model', LGBMClassifier(n_jobs=-1, random_state=321))]), probability_threshold=None, encoded_labels=False, raw_score=False, round=4, verbose=True, ml_usecase=None, preprocess=True, encode_labels=<function _SupervisedExperiment.predict_model.<locals>.encode_labels at 0x7f135614fba0>)
2026-01-29 00:57:12,162:INFO:Checking exceptions
2026-01-29 00:57:12,162:INFO:Preloading libraries
2026-01-29 00:57:12,162:INFO:Set up data.
2026-01-29 00:57:12,164:INFO:Set up index.
2026-01-29 00:57:47,380:INFO:Initializing predict_model()
2026-01-29 00:57:47,380:INFO:predict_model(self=<pycaret.classification.oop.ClassificationExperiment object at 0x7f1356161c50>, estimator=Pipeline(memory=FastMemory(location=/tmp/joblib),
         steps=[('numerical_imputer',
                 TransformerWrapper(include=['domain_att', 'URL_Length',
                                             'URL_Depth'],
                                    transformer=SimpleImputer())),
                ('categorical_imputer',
                 TransformerWrapper(include=[],
                                    transformer=SimpleImputer(strategy='most_frequent'))),
                ('transformation',
                 TransformerWrapper(transformer=PowerTransformer(standardize=False))),
                ('normalize', TransformerWrapper(transformer=StandardScaler())),
                ('clean_column_names',
                 TransformerWrapper(transformer=CleanColumnNames())),
                ('trained_model', LGBMClassifier(n_jobs=-1, random_state=321))]), probability_threshold=None, encoded_labels=False, raw_score=False, round=4, verbose=True, ml_usecase=None, preprocess=True, encode_labels=<function _SupervisedExperiment.predict_model.<locals>.encode_labels at 0x7f1355f4e660>)
2026-01-29 00:57:47,380:INFO:Checking exceptions
2026-01-29 00:57:47,380:INFO:Preloading libraries
2026-01-29 00:57:47,381:INFO:Set up data.
2026-01-29 00:57:47,383:INFO:Set up index.
2026-01-29 00:58:13,908:INFO:Initializing predict_model()
2026-01-29 00:58:13,909:INFO:predict_model(self=<pycaret.classification.oop.ClassificationExperiment object at 0x7f134cf06350>, estimator=Pipeline(memory=FastMemory(location=/tmp/joblib),
         steps=[('numerical_imputer',
                 TransformerWrapper(include=['domain_att', 'URL_Length',
                                             'URL_Depth'],
                                    transformer=SimpleImputer())),
                ('categorical_imputer',
                 TransformerWrapper(include=[],
                                    transformer=SimpleImputer(strategy='most_frequent'))),
                ('transformation',
                 TransformerWrapper(transformer=PowerTransformer(standardize=False))),
                ('normalize', TransformerWrapper(transformer=StandardScaler())),
                ('clean_column_names',
                 TransformerWrapper(transformer=CleanColumnNames())),
                ('trained_model', LGBMClassifier(n_jobs=-1, random_state=321))]), probability_threshold=None, encoded_labels=False, raw_score=False, round=4, verbose=True, ml_usecase=None, preprocess=True, encode_labels=<function _SupervisedExperiment.predict_model.<locals>.encode_labels at 0x7f135614fce0>)
2026-01-29 00:58:13,909:INFO:Checking exceptions
2026-01-29 00:58:13,909:INFO:Preloading libraries
2026-01-29 00:58:13,909:INFO:Set up data.
2026-01-29 00:58:13,911:INFO:Set up index.
2026-01-29 00:58:46,983:INFO:Initializing predict_model()
2026-01-29 00:58:46,983:INFO:predict_model(self=<pycaret.classification.oop.ClassificationExperiment object at 0x7f1355f44fd0>, estimator=Pipeline(memory=FastMemory(location=/tmp/joblib),
         steps=[('numerical_imputer',
                 TransformerWrapper(include=['domain_att', 'URL_Length',
                                             'URL_Depth'],
                                    transformer=SimpleImputer())),
                ('categorical_imputer',
                 TransformerWrapper(include=[],
                                    transformer=SimpleImputer(strategy='most_frequent'))),
                ('transformation',
                 TransformerWrapper(transformer=PowerTransformer(standardize=False))),
                ('normalize', TransformerWrapper(transformer=StandardScaler())),
                ('clean_column_names',
                 TransformerWrapper(transformer=CleanColumnNames())),
                ('trained_model', LGBMClassifier(n_jobs=-1, random_state=321))]), probability_threshold=None, encoded_labels=False, raw_score=False, round=4, verbose=True, ml_usecase=None, preprocess=True, encode_labels=<function _SupervisedExperiment.predict_model.<locals>.encode_labels at 0x7f1355f4ea20>)
2026-01-29 00:58:46,983:INFO:Checking exceptions
2026-01-29 00:58:46,983:INFO:Preloading libraries
2026-01-29 00:58:46,984:INFO:Set up data.
2026-01-29 00:58:46,986:INFO:Set up index.
2026-01-29 00:59:11,666:INFO:Initializing predict_model()
2026-01-29 00:59:11,666:INFO:predict_model(self=<pycaret.classification.oop.ClassificationExperiment object at 0x7f134cf4d890>, estimator=Pipeline(memory=FastMemory(location=/tmp/joblib),
         steps=[('numerical_imputer',
                 TransformerWrapper(include=['domain_att', 'URL_Length',
                                             'URL_Depth'],
                                    transformer=SimpleImputer())),
                ('categorical_imputer',
                 TransformerWrapper(include=[],
                                    transformer=SimpleImputer(strategy='most_frequent'))),
                ('transformation',
                 TransformerWrapper(transformer=PowerTransformer(standardize=False))),
                ('normalize', TransformerWrapper(transformer=StandardScaler())),
                ('clean_column_names',
                 TransformerWrapper(transformer=CleanColumnNames())),
                ('trained_model', LGBMClassifier(n_jobs=-1, random_state=321))]), probability_threshold=None, encoded_labels=False, raw_score=False, round=4, verbose=True, ml_usecase=None, preprocess=True, encode_labels=<function _SupervisedExperiment.predict_model.<locals>.encode_labels at 0x7f1355f4e660>)
2026-01-29 00:59:11,666:INFO:Checking exceptions
2026-01-29 00:59:11,666:INFO:Preloading libraries
2026-01-29 00:59:11,667:INFO:Set up data.
2026-01-29 00:59:11,669:INFO:Set up index.
2026-01-29 00:59:33,014:INFO:Initializing predict_model()
2026-01-29 00:59:33,014:INFO:predict_model(self=<pycaret.classification.oop.ClassificationExperiment object at 0x7f134cf06210>, estimator=Pipeline(memory=FastMemory(location=/tmp/joblib),
         steps=[('numerical_imputer',
                 TransformerWrapper(include=['domain_att', 'URL_Length',
                                             'URL_Depth'],
                                    transformer=SimpleImputer())),
                ('categorical_imputer',
                 TransformerWrapper(include=[],
                                    transformer=SimpleImputer(strategy='most_frequent'))),
                ('transformation',
                 TransformerWrapper(transformer=PowerTransformer(standardize=False))),
                ('normalize', TransformerWrapper(transformer=StandardScaler())),
                ('clean_column_names',
                 TransformerWrapper(transformer=CleanColumnNames())),
                ('trained_model', LGBMClassifier(n_jobs=-1, random_state=321))]), probability_threshold=None, encoded_labels=False, raw_score=False, round=4, verbose=True, ml_usecase=None, preprocess=True, encode_labels=<function _SupervisedExperiment.predict_model.<locals>.encode_labels at 0x7f1355f4e480>)
2026-01-29 00:59:33,014:INFO:Checking exceptions
2026-01-29 00:59:33,014:INFO:Preloading libraries
2026-01-29 00:59:33,014:INFO:Set up data.
2026-01-29 00:59:33,017:INFO:Set up index.
2026-01-29 00:59:38,968:INFO:Initializing predict_model()
2026-01-29 00:59:38,968:INFO:predict_model(self=<pycaret.classification.oop.ClassificationExperiment object at 0x7f135416a090>, estimator=Pipeline(memory=FastMemory(location=/tmp/joblib),
         steps=[('numerical_imputer',
                 TransformerWrapper(include=['domain_att', 'URL_Length',
                                             'URL_Depth'],
                                    transformer=SimpleImputer())),
                ('categorical_imputer',
                 TransformerWrapper(include=[],
                                    transformer=SimpleImputer(strategy='most_frequent'))),
                ('transformation',
                 TransformerWrapper(transformer=PowerTransformer(standardize=False))),
                ('normalize', TransformerWrapper(transformer=StandardScaler())),
                ('clean_column_names',
                 TransformerWrapper(transformer=CleanColumnNames())),
                ('trained_model', LGBMClassifier(n_jobs=-1, random_state=321))]), probability_threshold=None, encoded_labels=False, raw_score=False, round=4, verbose=True, ml_usecase=None, preprocess=True, encode_labels=<function _SupervisedExperiment.predict_model.<locals>.encode_labels at 0x7f1355f4e5c0>)
2026-01-29 00:59:38,968:INFO:Checking exceptions
2026-01-29 00:59:38,968:INFO:Preloading libraries
2026-01-29 00:59:38,968:INFO:Set up data.
2026-01-29 00:59:38,973:INFO:Set up index.
2026-01-29 00:59:49,925:INFO:Initializing predict_model()
2026-01-29 00:59:49,925:INFO:predict_model(self=<pycaret.classification.oop.ClassificationExperiment object at 0x7f1355f50050>, estimator=Pipeline(memory=FastMemory(location=/tmp/joblib),
         steps=[('numerical_imputer',
                 TransformerWrapper(include=['domain_att', 'URL_Length',
                                             'URL_Depth'],
                                    transformer=SimpleImputer())),
                ('categorical_imputer',
                 TransformerWrapper(include=[],
                                    transformer=SimpleImputer(strategy='most_frequent'))),
                ('transformation',
                 TransformerWrapper(transformer=PowerTransformer(standardize=False))),
                ('normalize', TransformerWrapper(transformer=StandardScaler())),
                ('clean_column_names',
                 TransformerWrapper(transformer=CleanColumnNames())),
                ('trained_model', LGBMClassifier(n_jobs=-1, random_state=321))]), probability_threshold=None, encoded_labels=False, raw_score=False, round=4, verbose=True, ml_usecase=None, preprocess=True, encode_labels=<function _SupervisedExperiment.predict_model.<locals>.encode_labels at 0x7f1355f4dee0>)
2026-01-29 00:59:49,925:INFO:Checking exceptions
2026-01-29 00:59:49,925:INFO:Preloading libraries
2026-01-29 00:59:49,925:INFO:Set up data.
2026-01-29 00:59:49,928:INFO:Set up index.
